<?xml version="1.0" encoding="UTF-8"?>
<testsuites name="Mocha Tests" time="2.435" tests="1" failures="0">
  <testsuite name="Root Suite" timestamp="2019-11-19T10:00:26" tests="0" failures="0" time="0">
  </testsuite>
  <testsuite name="The Bonita layout current session modal in mobile resolution" timestamp="2019-11-19T10:00:26" tests="1" failures="0" time="2.435">
    <testcase name="The Bonita layout current session modal in mobile resolution The Bonita layout shows the current session modal" time="2.435" classname="The Bonita layout shows the current session modal">
    </testcase>
  </testsuite>
</testsuites>