<?xml version="1.0" encoding="UTF-8"?>
<testsuites name="Mocha Tests" time="1.5270000000000001" tests="3" failures="0">
  <testsuite name="Root Suite" timestamp="2019-11-19T10:01:24" tests="0" failures="0" time="0">
  </testsuite>
  <testsuite name="page-tenant-status" timestamp="2019-11-19T10:01:24" tests="0" failures="0" time="0">
  </testsuite>
  <testsuite name="user isn&apos;t logged as technical user" timestamp="2019-11-19T10:01:24" tests="1" failures="0" time="0.675">
    <testcase name="page-tenant-status user isn&apos;t logged as technical user should display a blank page" time="0.675" classname="should display a blank page">
    </testcase>
  </testsuite>
  <testsuite name="user is logged as technical user" timestamp="2019-11-19T10:01:24" tests="2" failures="0" time="0.852">
    <testcase name="page-tenant-status user is logged as technical user should display a button to pause tenant when tenant is running" time="0.588" classname="should display a button to pause tenant when tenant is running">
    </testcase>
    <testcase name="page-tenant-status user is logged as technical user should display a button to resume tenant when tenant is paused" time="0.264" classname="should display a button to resume tenant when tenant is paused">
    </testcase>
  </testsuite>
</testsuites>